# JRE version: OpenJDK Runtime Environment (17.0.6) (build 17.0.6+0-b2043.56-10027231)
# Java VM: OpenJDK 64-Bit Server VM (17.0.6+0-b2043.56-10027231, mixed mode, tiered, compressed oops, compressed class ptrs, g1 gc, windows-amd64)
GC Precious Log:
 CPUs: 4 total, 4 available
 Memory: 8083M
 Large Page Support: Disabled
 NUMA Support: Disabled
 Compressed Oops: Enabled (32-bit)
 Heap Region Size: 1M
 Heap Min Capacity: 8M
 Heap Initial Capacity: 128M
 Heap Max Capacity: 2G
 Pre-touch: Disabled
 Parallel Workers: 4
 Concurrent Workers: 1
 Concurrent Refinement Workers: 4
 Periodic GC: Disabled
Heap:
 garbage-first heap   total 514048K, used 304612K [0x0000000080000000, 0x0000000100000000)
  region size 1024K, 2 young (2048K), 2 survivors (2048K)
 Metaspace       used 198248K, committed 199424K, reserved 1228800K
  class space    used 25153K, committed 25728K, reserved 1048576K
GC Heap History (20 events):
Event: 202.721 GC heap before
{Heap before GC invocations=97 (full 0):
 garbage-first heap   total 450560K, used 376290K [0x0000000080000000, 0x0000000100000000)
  region size 1024K, 152 young (155648K), 2 survivors (2048K)
 Metaspace       used 180876K, committed 182016K, reserved 1212416K
  class space    used 23198K, committed 23744K, reserved 1048576K
}
Event: 202.743 GC heap after
{Heap after GC invocations=98 (full 0):
 garbage-first heap   total 450560K, used 237698K [0x0000000080000000, 0x0000000100000000)
  region size 1024K, 16 young (16384K), 16 survivors (16384K)
 Metaspace       used 180876K, committed 182016K, reserved 1212416K
  class space    used 23198K, committed 23744K, reserved 1048576K
}
Event: 207.662 GC heap before
{Heap before GC invocations=99 (full 0):
 garbage-first heap   total 450560K, used 409730K [0x0000000080000000, 0x0000000100000000)
  region size 1024K, 151 young (154624K), 16 survivors (16384K)
 Metaspace       used 184819K, committed 186048K, reserved 1212416K
  class space    used 23596K, committed 24192K, reserved 1048576K
}
Event: 207.712 GC heap after
{Heap after GC invocations=100 (full 0):
 garbage-first heap   total 455680K, used 267554K [0x0000000080000000, 0x0000000100000000)
  region size 1024K, 19 young (19456K), 19 survivors (19456K)
 Metaspace       used 184819K, committed 186048K, reserved 1212416K
  class space    used 23596K, committed 24192K, reserved 1048576K
}
Event: 207.737 GC heap before
{Heap before GC invocations=100 (full 0):
 garbage-first heap   total 455680K, used 270626K [0x0000000080000000, 0x0000000100000000)
  region size 1024K, 22 young (22528K), 19 survivors (19456K)
 Metaspace       used 184827K, committed 186048K, reserved 1212416K
  class space    used 23597K, committed 24192K, reserved 1048576K
}
Event: 207.762 GC heap after
{Heap after GC invocations=101 (full 0):
 garbage-first heap   total 455680K, used 267775K [0x0000000080000000, 0x0000000100000000)
  region size 1024K, 2 young (2048K), 2 survivors (2048K)
 Metaspace       used 184827K, committed 186048K, reserved 1212416K
  class space    used 23597K, committed 24192K, reserved 1048576K
}
Event: 209.790 GC heap before
{Heap before GC invocations=101 (full 0):
 garbage-first heap   total 455680K, used 365055K [0x0000000080000000, 0x0000000100000000)
  region size 1024K, 98 young (100352K), 2 survivors (2048K)
 Metaspace       used 188796K, committed 189952K, reserved 1220608K
  class space    used 23927K, committed 24512K, reserved 1048576K
}
Event: 209.804 GC heap after
{Heap after GC invocations=102 (full 0):
 garbage-first heap   total 455680K, used 278968K [0x0000000080000000, 0x0000000100000000)
  region size 1024K, 13 young (13312K), 13 survivors (13312K)
 Metaspace       used 188796K, committed 189952K, reserved 1220608K
  class space    used 23927K, committed 24512K, reserved 1048576K
}
Event: 221.089 GC heap before
{Heap before GC invocations=103 (full 0):
 garbage-first heap   total 464896K, used 355768K [0x0000000080000000, 0x0000000100000000)
  region size 1024K, 103 young (105472K), 13 survivors (13312K)
 Metaspace       used 191406K, committed 192576K, reserved 1220608K
  class space    used 24250K, committed 24832K, reserved 1048576K
}
Event: 221.099 GC heap after
{Heap after GC invocations=104 (full 0):
 garbage-first heap   total 464896K, used 256235K [0x0000000080000000, 0x0000000100000000)
  region size 1024K, 5 young (5120K), 5 survivors (5120K)
 Metaspace       used 191406K, committed 192576K, reserved 1220608K
  class space    used 24250K, committed 24832K, reserved 1048576K
}
Event: 222.217 GC heap before
{Heap before GC invocations=104 (full 0):
 garbage-first heap   total 464896K, used 272619K [0x0000000080000000, 0x0000000100000000)
  region size 1024K, 22 young (22528K), 5 survivors (5120K)
 Metaspace       used 191533K, committed 192640K, reserved 1220608K
  class space    used 24261K, committed 24832K, reserved 1048576K
}
Event: 222.229 GC heap after
{Heap after GC invocations=105 (full 0):
 garbage-first heap   total 464896K, used 248963K [0x0000000080000000, 0x0000000100000000)
  region size 1024K, 2 young (2048K), 2 survivors (2048K)
 Metaspace       used 191533K, committed 192640K, reserved 1220608K
  class space    used 24261K, committed 24832K, reserved 1048576K
}
Event: 223.625 GC heap before
{Heap before GC invocations=105 (full 0):
 garbage-first heap   total 464896K, used 375939K [0x0000000080000000, 0x0000000100000000)
  region size 1024K, 127 young (130048K), 2 survivors (2048K)
 Metaspace       used 192580K, committed 193792K, reserved 1220608K
  class space    used 24398K, committed 25024K, reserved 1048576K
}
Event: 223.630 GC heap after
{Heap after GC invocations=106 (full 0):
 garbage-first heap   total 464896K, used 249984K [0x0000000080000000, 0x0000000100000000)
  region size 1024K, 3 young (3072K), 3 survivors (3072K)
 Metaspace       used 192580K, committed 193792K, reserved 1220608K
  class space    used 24398K, committed 25024K, reserved 1048576K
}
Event: 225.247 GC heap before
{Heap before GC invocations=107 (full 0):
 garbage-first heap   total 514048K, used 382080K [0x0000000080000000, 0x0000000100000000)
  region size 1024K, 133 young (136192K), 3 survivors (3072K)
 Metaspace       used 192656K, committed 193856K, reserved 1220608K
  class space    used 24404K, committed 25024K, reserved 1048576K
}
Event: 225.259 GC heap after
{Heap after GC invocations=108 (full 0):
 garbage-first heap   total 514048K, used 254578K [0x0000000080000000, 0x0000000100000000)
  region size 1024K, 7 young (7168K), 7 survivors (7168K)
 Metaspace       used 192656K, committed 193856K, reserved 1220608K
  class space    used 24404K, committed 25024K, reserved 1048576K
}
Event: 225.393 GC heap before
{Heap before GC invocations=108 (full 0):
 garbage-first heap   total 514048K, used 271986K [0x0000000080000000, 0x0000000100000000)
  region size 1024K, 25 young (25600K), 7 survivors (7168K)
 Metaspace       used 192708K, committed 193856K, reserved 1220608K
  class space    used 24416K, committed 25024K, reserved 1048576K
}
Event: 225.410 GC heap after
{Heap after GC invocations=109 (full 0):
 garbage-first heap   total 514048K, used 249865K [0x0000000080000000, 0x0000000100000000)
  region size 1024K, 2 young (2048K), 2 survivors (2048K)
 Metaspace       used 192708K, committed 193856K, reserved 1220608K
  class space    used 24416K, committed 25024K, reserved 1048576K
}
Event: 225.876 GC heap before
{Heap before GC invocations=109 (full 0):
 garbage-first heap   total 514048K, used 308233K [0x0000000080000000, 0x0000000100000000)
  region size 1024K, 61 young (62464K), 2 survivors (2048K)
 Metaspace       used 193006K, committed 194240K, reserved 1220608K
  class space    used 24458K, committed 25088K, reserved 1048576K
}
Event: 225.883 GC heap after
{Heap after GC invocations=110 (full 0):
 garbage-first heap   total 514048K, used 250172K [0x0000000080000000, 0x0000000100000000)
  region size 1024K, 2 young (2048K), 2 survivors (2048K)
 Metaspace       used 193006K, committed 194240K, reserved 1220608K
  class space    used 24458K, committed 25088K, reserved 1048576K
}

